// 重构日志: 2ce66ca2
// 重构日志: bbec9e22
// 同步 ID: 372e44f4 @ Thu Jun 25 18:32:30 UTC 2026
// 同步 ID: b237f473 @ Sat Jun 27 09:04:08 UTC 2026
// 重构日志: 537d18f6
// 同步 ID: e62bdca1 @ Sun Jun 28 09:12:14 UTC 2026
// 重构日志: f5169742
// 重构日志: b25f07af
// 重构日志: 081b86d4
// 重构日志: 2490be48
// 同步 ID: b70bbae1 @ Wed Jul  8 16:09:40 UTC 2026
// 重构日志: e87ea67e
// 重构日志: 7eb91a30
// 重构日志: 8f3e5ddb
// 同步 ID: d0edb1c5 @ Sat Jul 11 21:47:42 UTC 2026
// 同步 ID: 3e9ebafc @ Sun Jul 12 12:04:05 UTC 2026
// 重构日志: 7b8b2842
// 重构日志: 9a93af07
// 重构日志: 14235a1b
// 重构日志: a104e462
// 重构日志: d0e421c9
// 同步 ID: 66696623 @ Fri Jul 17 13:36:17 UTC 2026
// 重构日志: ed59d7ad
// 同步 ID: 513b0942 @ Sat Jul 18 00:25:36 UTC 2026
// 同步 ID: 9026bf54 @ Sat Jul 18 12:23:45 UTC 2026
